<?xml version="1.0" encoding="UTF-8"?>
<testsuite xmlns:xsi="http://www.w3.org/2001/XMLSchema-instance" xsi:noNamespaceSchemaLocation="https://maven.apache.org/surefire/maven-surefire-plugin/xsd/surefire-test-report-3.0.xsd" version="3.0" name="com.kanggara.budgetin.controllers.UserControllerTest" time="13.013" tests="18" errors="0" skipped="0" failures="0">
  <properties>
[...]
</properties>
  <testcase name="getUserUnautorized" classname="com.kanggara.budgetin.controllers.UserControllerTest" time="1.721">
    <system-out><![CDATA[2024-03-06T14:19:16.436+07:00  INFO 8639 --- [           main] t.c.s.AnnotationConfigContextLoaderUtils : Could not detect default configuration classes for test class [com.kanggara.budgetin.controllers.UserControllerTest]: UserControllerTest does not declare any static, non-private, non-final, nested classes annotated with @Configuration.
2024-03-06T14:19:16.690+07:00  INFO 8639 --- [           main] .b.t.c.SpringBootTestContextBootstrapper : Found @SpringBootConfiguration com.kanggara.budgetin.BudgetInApplication for test class com.kanggara.budgetin.controllers.UserControllerTest
2024-03-06T14:19:16.702+07:00  INFO 8639 --- [           main] o.s.b.d.r.RestartApplicationListener     : Restart disabled due to context in which it is running
2024-03-06T14:19:16.708+07:00  INFO 8639 --- [           main] m.p.springdotenv.DotenvPropertySource    : Initialized Dotenv with DotenvConfig{directory=null, filename=null, ignoreIfMalformed=false, ignoreIfMissing=true, systemProperties=false, prefix=null}

  .   ____          _            __ _ _
 /\\ / ___'_ __ _ _(_)_ __  __ _ \ \ \ \
( ( )\___ | '_ | '_| | '_ \/ _` | \ \ \ \
 \\/  ___)| |_)| | | | | || (_| |  ) ) ) )
  '  |____| .__|_| |_|_| |_\__, | / / / /
 =========|_|==============|___/=/_/_/_/
 :: Spring Boot ::                (v3.2.3)

2024-03-06T14:19:16.826+07:00  INFO 8639 --- [           main] c.k.b.controllers.UserControllerTest     : Starting UserControllerTest using Java 21.0.1 with PID 8639 (started by k in /Users/k/work/Bugdetind/API)
2024-03-06T14:19:16.826+07:00  INFO 8639 --- [           main] c.k.b.controllers.UserControllerTest     : No active profile set, falling back to 1 default profile: "default"
2024-03-06T14:19:16.835+07:00 DEBUG 8639 --- [           main] o.s.w.c.s.GenericWebApplicationContext   : Refreshing org.springframework.web.context.support.GenericWebApplicationContext@3ad3a616
2024-03-06T14:19:17.890+07:00  INFO 8639 --- [           main] .s.d.r.c.RepositoryConfigurationDelegate : Bootstrapping Spring Data JPA repositories in DEFAULT mode.
2024-03-06T14:19:17.934+07:00  INFO 8639 --- [           main] .s.d.r.c.RepositoryConfigurationDelegate : Finished Spring Data repository scanning in 43 ms. Found 3 JPA repository interfaces.
2024-03-06T14:19:18.356+07:00  INFO 8639 --- [           main] o.s.o.j.p.SpringPersistenceUnitInfo      : No LoadTimeWeaver setup: ignoring JPA class transformer
2024-03-06T14:19:18.358+07:00  INFO 8639 --- [           main] com.zaxxer.hikari.HikariDataSource       : HikariPool-3 - Starting...
2024-03-06T14:19:18.468+07:00  INFO 8639 --- [           main] com.zaxxer.hikari.pool.HikariPool        : HikariPool-3 - Added connection com.mysql.cj.jdbc.ConnectionImpl@7764c4b3
2024-03-06T14:19:18.469+07:00  INFO 8639 --- [           main] com.zaxxer.hikari.HikariDataSource       : HikariPool-3 - Start completed.
2024-03-06T14:19:19.173+07:00  INFO 8639 --- [           main] j.LocalContainerEntityManagerFactoryBean : Initialized JPA EntityManagerFactory for persistence unit 'default'
2024-03-06T14:19:20.100+07:00 DEBUG 8639 --- [           main] s.w.s.m.m.a.RequestMappingHandlerMapping : 19 mappings in 'requestMappingHandlerMapping'
2024-03-06T14:19:20.534+07:00 DEBUG 8639 --- [           main] o.s.w.s.handler.SimpleUrlHandlerMapping  : Patterns [/webjars/**, /**] in 'resourceHandlerMapping'
2024-03-06T14:19:20.621+07:00 DEBUG 8639 --- [           main] s.w.s.m.m.a.RequestMappingHandlerAdapter : ControllerAdvice beans: 0 @ModelAttribute, 0 @InitBinder, 1 RequestBodyAdvice, 1 ResponseBodyAdvice
2024-03-06T14:19:20.671+07:00 DEBUG 8639 --- [           main] .m.m.a.ExceptionHandlerExceptionResolver : ControllerAdvice beans: 1 @ExceptionHandler, 1 ResponseBodyAdvice
2024-03-06T14:19:21.655+07:00 DEBUG 8639 --- [           main] o.s.w.f.ServerHttpObservationFilter      : Filter 'webMvcObservationFilter' configured for use
2024-03-06T14:19:21.655+07:00 DEBUG 8639 --- [           main] o.s.w.f.CommonsRequestLoggingFilter      : Filter 'logFilter' configured for use
2024-03-06T14:19:21.658+07:00  INFO 8639 --- [           main] o.s.b.t.m.w.SpringBootMockServletContext : Initializing Spring TestDispatcherServlet ''
2024-03-06T14:19:21.659+07:00  INFO 8639 --- [           main] o.s.t.web.servlet.TestDispatcherServlet  : Initializing Servlet ''
2024-03-06T14:19:21.705+07:00  INFO 8639 --- [           main] o.s.t.web.servlet.TestDispatcherServlet  : Completed initialization in 46 ms
2024-03-06T14:19:21.787+07:00  INFO 8639 --- [           main] c.k.b.controllers.UserControllerTest     : Started UserControllerTest in 5.086 seconds (process running for 65.245)
2024-03-06T14:19:22.874+07:00 DEBUG 8639 --- [           main] o.s.w.f.CommonsRequestLoggingFilter      : Before request [GET /api/user]
2024-03-06T14:19:22.910+07:00 DEBUG 8639 --- [           main] s.w.s.m.m.a.RequestMappingHandlerMapping : Mapped to com.kanggara.budgetin.controllers.UserController#get(UserEntity)
2024-03-06T14:19:22.953+07:00  INFO 8639 --- [           main] c.k.b.resolver.UserArgumentResolver      : TOKEN null
2024-03-06T14:19:23.154+07:00 DEBUG 8639 --- [           main] o.s.web.method.HandlerMethod             : Could not resolve parameter [0] in public com.kanggara.budgetin.models.WebResponse<com.kanggara.budgetin.models.UserResponse> com.kanggara.budgetin.controllers.UserController.get(com.kanggara.budgetin.entities.UserEntity): 401 UNAUTHORIZED "Unautorized"
2024-03-06T14:19:23.157+07:00 DEBUG 8639 --- [           main] .m.m.a.ExceptionHandlerExceptionResolver : Using @ExceptionHandler com.kanggara.budgetin.controllers.ErrorController#apiExecption(ResponseStatusException)
2024-03-06T14:19:23.287+07:00 DEBUG 8639 --- [           main] o.s.w.s.m.m.a.HttpEntityMethodProcessor  : Using 'application/json', given [application/json] and supported [application/json, application/*+json]
2024-03-06T14:19:23.296+07:00 DEBUG 8639 --- [           main] o.s.w.s.m.m.a.HttpEntityMethodProcessor  : Writing [WebResponse(data=null, error=Unautorized, paging=null)]
2024-03-06T14:19:23.338+07:00 DEBUG 8639 --- [           main] .m.m.a.ExceptionHandlerExceptionResolver : Resolved [org.springframework.web.server.ResponseStatusException: 401 UNAUTHORIZED "Unautorized"]
2024-03-06T14:19:23.348+07:00 DEBUG 8639 --- [           main] o.s.w.f.CommonsRequestLoggingFilter      : REQUEST DATA: GET /api/user]
]]></system-out>
  </testcase>
  <testcase name="testRegisterBadRequest(String, String, String)[1]" classname="com.kanggara.budgetin.controllers.UserControllerTest" time="0.406">
    <system-out><![CDATA[2024-03-06T14:19:23.769+07:00 DEBUG 8639 --- [           main] o.s.w.f.CommonsRequestLoggingFilter      : Before request [POST /api/register]
2024-03-06T14:19:23.770+07:00 DEBUG 8639 --- [           main] s.w.s.m.m.a.RequestMappingHandlerMapping : Mapped to com.kanggara.budgetin.controllers.UserController#register(RegisterUserRequest)
2024-03-06T14:19:23.812+07:00 DEBUG 8639 --- [           main] m.m.a.RequestResponseBodyMethodProcessor : Read "application/json;charset=UTF-8" to [RegisterUserRequest(username=null, name=null, password=null)]
2024-03-06T14:19:24.068+07:00 DEBUG 8639 --- [           main] .m.m.a.ExceptionHandlerExceptionResolver : Using @ExceptionHandler com.kanggara.budgetin.controllers.ErrorController#constraintViolationsExecption(ConstraintViolationException)
2024-03-06T14:19:24.069+07:00 DEBUG 8639 --- [           main] o.s.w.s.m.m.a.HttpEntityMethodProcessor  : Using 'application/json', given [application/json] and supported [application/json, application/*+json]
2024-03-06T14:19:24.069+07:00 DEBUG 8639 --- [           main] o.s.w.s.m.m.a.HttpEntityMethodProcessor  : Writing [WebResponse(data=null, error=username: must not be blank, password: must not be blank, name: must no (truncated)...]
2024-03-06T14:19:24.070+07:00 DEBUG 8639 --- [           main] .m.m.a.ExceptionHandlerExceptionResolver : Resolved [jakarta.validation.ConstraintViolationException: username: must not be blank, password: must not be blank, name: must not be blank]
2024-03-06T14:19:24.070+07:00 DEBUG 8639 --- [           main] o.s.w.f.CommonsRequestLoggingFilter      : REQUEST DATA: POST /api/register, payload={"username":null,"name":null,"password":null}]
]]></system-out>
  </testcase>
  <testcase name="testRegisterBadRequest(String, String, String)[2]" classname="com.kanggara.budgetin.controllers.UserControllerTest" time="0.065">
    <system-out><![CDATA[2024-03-06T14:19:24.134+07:00 DEBUG 8639 --- [           main] o.s.w.f.CommonsRequestLoggingFilter      : Before request [POST /api/register]
2024-03-06T14:19:24.135+07:00 DEBUG 8639 --- [           main] s.w.s.m.m.a.RequestMappingHandlerMapping : Mapped to com.kanggara.budgetin.controllers.UserController#register(RegisterUserRequest)
2024-03-06T14:19:24.136+07:00 DEBUG 8639 --- [           main] m.m.a.RequestResponseBodyMethodProcessor : Read "application/json;charset=UTF-8" to [RegisterUserRequest(username=null, name=null, password=secrets)]
2024-03-06T14:19:24.141+07:00 DEBUG 8639 --- [           main] .m.m.a.ExceptionHandlerExceptionResolver : Using @ExceptionHandler com.kanggara.budgetin.controllers.ErrorController#constraintViolationsExecption(ConstraintViolationException)
2024-03-06T14:19:24.144+07:00 DEBUG 8639 --- [           main] o.s.w.s.m.m.a.HttpEntityMethodProcessor  : Using 'application/json', given [application/json] and supported [application/json, application/*+json]
2024-03-06T14:19:24.146+07:00 DEBUG 8639 --- [           main] o.s.w.s.m.m.a.HttpEntityMethodProcessor  : Writing [WebResponse(data=null, error=username: must not be blank, name: must not be blank, paging=null)]
2024-03-06T14:19:24.147+07:00 DEBUG 8639 --- [           main] .m.m.a.ExceptionHandlerExceptionResolver : Resolved [jakarta.validation.ConstraintViolationException: username: must not be blank, name: must not be blank]
2024-03-06T14:19:24.148+07:00 DEBUG 8639 --- [           main] o.s.w.f.CommonsRequestLoggingFilter      : REQUEST DATA: POST /api/register, payload={"username":null,"name":null,"password":"secrets"}]
]]></system-out>
  </testcase>
  <testcase name="testRegisterBadRequest(String, String, String)[3]" classname="com.kanggara.budgetin.controllers.UserControllerTest" time="0.059">
    <system-out><![CDATA[2024-03-06T14:19:24.229+07:00 DEBUG 8639 --- [           main] o.s.w.f.CommonsRequestLoggingFilter      : Before request [POST /api/register]
2024-03-06T14:19:24.230+07:00 DEBUG 8639 --- [           main] s.w.s.m.m.a.RequestMappingHandlerMapping : Mapped to com.kanggara.budgetin.controllers.UserController#register(RegisterUserRequest)
2024-03-06T14:19:24.231+07:00 DEBUG 8639 --- [           main] m.m.a.RequestResponseBodyMethodProcessor : Read "application/json;charset=UTF-8" to [RegisterUserRequest(username=null, name=test, password=null)]
2024-03-06T14:19:24.234+07:00 DEBUG 8639 --- [           main] .m.m.a.ExceptionHandlerExceptionResolver : Using @ExceptionHandler com.kanggara.budgetin.controllers.ErrorController#constraintViolationsExecption(ConstraintViolationException)
2024-03-06T14:19:24.235+07:00 DEBUG 8639 --- [           main] o.s.w.s.m.m.a.HttpEntityMethodProcessor  : Using 'application/json', given [application/json] and supported [application/json, application/*+json]
2024-03-06T14:19:24.235+07:00 DEBUG 8639 --- [           main] o.s.w.s.m.m.a.HttpEntityMethodProcessor  : Writing [WebResponse(data=null, error=password: must not be blank, username: must not be blank, paging=null)]
2024-03-06T14:19:24.236+07:00 DEBUG 8639 --- [           main] .m.m.a.ExceptionHandlerExceptionResolver : Resolved [jakarta.validation.ConstraintViolationException: password: must not be blank, username: must not be blank]
2024-03-06T14:19:24.237+07:00 DEBUG 8639 --- [           main] o.s.w.f.CommonsRequestLoggingFilter      : REQUEST DATA: POST /api/register, payload={"username":null,"name":"test","password":null}]
]]></system-out>
  </testcase>
  <testcase name="testRegisterBadRequest(String, String, String)[4]" classname="com.kanggara.budgetin.controllers.UserControllerTest" time="0.107">
    <system-out><![CDATA[2024-03-06T14:19:24.336+07:00 DEBUG 8639 --- [           main] o.s.w.f.CommonsRequestLoggingFilter      : Before request [POST /api/register]
2024-03-06T14:19:24.337+07:00 DEBUG 8639 --- [           main] s.w.s.m.m.a.RequestMappingHandlerMapping : Mapped to com.kanggara.budgetin.controllers.UserController#register(RegisterUserRequest)
2024-03-06T14:19:24.338+07:00 DEBUG 8639 --- [           main] m.m.a.RequestResponseBodyMethodProcessor : Read "application/json;charset=UTF-8" to [RegisterUserRequest(username=null, name=test, password=secrets)]
2024-03-06T14:19:24.349+07:00 DEBUG 8639 --- [           main] .m.m.a.ExceptionHandlerExceptionResolver : Using @ExceptionHandler com.kanggara.budgetin.controllers.ErrorController#constraintViolationsExecption(ConstraintViolationException)
2024-03-06T14:19:24.351+07:00 DEBUG 8639 --- [           main] o.s.w.s.m.m.a.HttpEntityMethodProcessor  : Using 'application/json', given [application/json] and supported [application/json, application/*+json]
2024-03-06T14:19:24.352+07:00 DEBUG 8639 --- [           main] o.s.w.s.m.m.a.HttpEntityMethodProcessor  : Writing [WebResponse(data=null, error=username: must not be blank, paging=null)]
2024-03-06T14:19:24.352+07:00 DEBUG 8639 --- [           main] .m.m.a.ExceptionHandlerExceptionResolver : Resolved [jakarta.validation.ConstraintViolationException: username: must not be blank]
2024-03-06T14:19:24.353+07:00 DEBUG 8639 --- [           main] o.s.w.f.CommonsRequestLoggingFilter      : REQUEST DATA: POST /api/register, payload={"username":null,"name":"test","password":"secrets"}]
]]></system-out>
  </testcase>
  <testcase name="testRegisterBadRequest(String, String, String)[5]" classname="com.kanggara.budgetin.controllers.UserControllerTest" time="0.071">
    <system-out><![CDATA[2024-03-06T14:19:24.398+07:00 DEBUG 8639 --- [           main] o.s.w.f.CommonsRequestLoggingFilter      : Before request [POST /api/register]
2024-03-06T14:19:24.400+07:00 DEBUG 8639 --- [           main] s.w.s.m.m.a.RequestMappingHandlerMapping : Mapped to com.kanggara.budgetin.controllers.UserController#register(RegisterUserRequest)
2024-03-06T14:19:24.402+07:00 DEBUG 8639 --- [           main] m.m.a.RequestResponseBodyMethodProcessor : Read "application/json;charset=UTF-8" to [RegisterUserRequest(username=nama, name=null, password=null)]
2024-03-06T14:19:24.410+07:00 DEBUG 8639 --- [           main] .m.m.a.ExceptionHandlerExceptionResolver : Using @ExceptionHandler com.kanggara.budgetin.controllers.ErrorController#constraintViolationsExecption(ConstraintViolationException)
2024-03-06T14:19:24.414+07:00 DEBUG 8639 --- [           main] o.s.w.s.m.m.a.HttpEntityMethodProcessor  : Using 'application/json', given [application/json] and supported [application/json, application/*+json]
2024-03-06T14:19:24.415+07:00 DEBUG 8639 --- [           main] o.s.w.s.m.m.a.HttpEntityMethodProcessor  : Writing [WebResponse(data=null, error=password: must not be blank, name: must not be blank, paging=null)]
2024-03-06T14:19:24.416+07:00 DEBUG 8639 --- [           main] .m.m.a.ExceptionHandlerExceptionResolver : Resolved [jakarta.validation.ConstraintViolationException: password: must not be blank, name: must not be blank]
2024-03-06T14:19:24.416+07:00 DEBUG 8639 --- [           main] o.s.w.f.CommonsRequestLoggingFilter      : REQUEST DATA: POST /api/register, payload={"username":"nama","name":null,"password":null}]
]]></system-out>
  </testcase>
  <testcase name="testRegisterBadRequest(String, String, String)[6]" classname="com.kanggara.budgetin.controllers.UserControllerTest" time="0.077">
    <system-out><![CDATA[2024-03-06T14:19:24.499+07:00 DEBUG 8639 --- [           main] o.s.w.f.CommonsRequestLoggingFilter      : Before request [POST /api/register]
2024-03-06T14:19:24.500+07:00 DEBUG 8639 --- [           main] s.w.s.m.m.a.RequestMappingHandlerMapping : Mapped to com.kanggara.budgetin.controllers.UserController#register(RegisterUserRequest)
2024-03-06T14:19:24.501+07:00 DEBUG 8639 --- [           main] m.m.a.RequestResponseBodyMethodProcessor : Read "application/json;charset=UTF-8" to [RegisterUserRequest(username=nama, name=test, password=null)]
2024-03-06T14:19:24.506+07:00 DEBUG 8639 --- [           main] .m.m.a.ExceptionHandlerExceptionResolver : Using @ExceptionHandler com.kanggara.budgetin.controllers.ErrorController#constraintViolationsExecption(ConstraintViolationException)
2024-03-06T14:19:24.507+07:00 DEBUG 8639 --- [           main] o.s.w.s.m.m.a.HttpEntityMethodProcessor  : Using 'application/json', given [application/json] and supported [application/json, application/*+json]
2024-03-06T14:19:24.508+07:00 DEBUG 8639 --- [           main] o.s.w.s.m.m.a.HttpEntityMethodProcessor  : Writing [WebResponse(data=null, error=password: must not be blank, paging=null)]
2024-03-06T14:19:24.509+07:00 DEBUG 8639 --- [           main] .m.m.a.ExceptionHandlerExceptionResolver : Resolved [jakarta.validation.ConstraintViolationException: password: must not be blank]
2024-03-06T14:19:24.515+07:00 DEBUG 8639 --- [           main] o.s.w.f.CommonsRequestLoggingFilter      : REQUEST DATA: POST /api/register, payload={"username":"nama","name":"test","password":null}]
]]></system-out>
  </testcase>
  <testcase name="testRegisterBadRequest(String, String, String)[7]" classname="com.kanggara.budgetin.controllers.UserControllerTest" time="0.067">
    <system-out><![CDATA[2024-03-06T14:19:24.586+07:00 DEBUG 8639 --- [           main] o.s.w.f.CommonsRequestLoggingFilter      : Before request [POST /api/register]
2024-03-06T14:19:24.587+07:00 DEBUG 8639 --- [           main] s.w.s.m.m.a.RequestMappingHandlerMapping : Mapped to com.kanggara.budgetin.controllers.UserController#register(RegisterUserRequest)
2024-03-06T14:19:24.588+07:00 DEBUG 8639 --- [           main] m.m.a.RequestResponseBodyMethodProcessor : Read "application/json;charset=UTF-8" to [RegisterUserRequest(username=nama, name=null, password=secrets)]
2024-03-06T14:19:24.597+07:00 DEBUG 8639 --- [           main] .m.m.a.ExceptionHandlerExceptionResolver : Using @ExceptionHandler com.kanggara.budgetin.controllers.ErrorController#constraintViolationsExecption(ConstraintViolationException)
2024-03-06T14:19:24.598+07:00 DEBUG 8639 --- [           main] o.s.w.s.m.m.a.HttpEntityMethodProcessor  : Using 'application/json', given [application/json] and supported [application/json, application/*+json]
2024-03-06T14:19:24.598+07:00 DEBUG 8639 --- [           main] o.s.w.s.m.m.a.HttpEntityMethodProcessor  : Writing [WebResponse(data=null, error=name: must not be blank, paging=null)]
2024-03-06T14:19:24.598+07:00 DEBUG 8639 --- [           main] .m.m.a.ExceptionHandlerExceptionResolver : Resolved [jakarta.validation.ConstraintViolationException: name: must not be blank]
2024-03-06T14:19:24.599+07:00 DEBUG 8639 --- [           main] o.s.w.f.CommonsRequestLoggingFilter      : REQUEST DATA: POST /api/register, payload={"username":"nama","name":null,"password":"secrets"}]
]]></system-out>
  </testcase>
  <testcase name="getUserTokenExpiried" classname="com.kanggara.budgetin.controllers.UserControllerTest" time="0.557">
    <system-out><![CDATA[2024-03-06T14:19:25.132+07:00 DEBUG 8639 --- [           main] o.s.w.f.CommonsRequestLoggingFilter      : Before request [GET /api/user]
2024-03-06T14:19:25.132+07:00 DEBUG 8639 --- [           main] s.w.s.m.m.a.RequestMappingHandlerMapping : Mapped to com.kanggara.budgetin.controllers.UserController#get(UserEntity)
2024-03-06T14:19:25.133+07:00  INFO 8639 --- [           main] c.k.b.resolver.UserArgumentResolver      : TOKEN token
2024-03-06T14:19:25.141+07:00  INFO 8639 --- [           main] c.k.b.resolver.UserArgumentResolver      : USER com.kanggara.budgetin.entities.UserEntity@750629f1
2024-03-06T14:19:25.142+07:00 DEBUG 8639 --- [           main] o.s.web.method.HandlerMethod             : Could not resolve parameter [0] in public com.kanggara.budgetin.models.WebResponse<com.kanggara.budgetin.models.UserResponse> com.kanggara.budgetin.controllers.UserController.get(com.kanggara.budgetin.entities.UserEntity): 401 UNAUTHORIZED "Token Expiried"
2024-03-06T14:19:25.143+07:00 DEBUG 8639 --- [           main] .m.m.a.ExceptionHandlerExceptionResolver : Using @ExceptionHandler com.kanggara.budgetin.controllers.ErrorController#apiExecption(ResponseStatusException)
2024-03-06T14:19:25.148+07:00 DEBUG 8639 --- [           main] o.s.w.s.m.m.a.HttpEntityMethodProcessor  : Using 'application/json', given [application/json] and supported [application/json, application/*+json]
2024-03-06T14:19:25.150+07:00 DEBUG 8639 --- [           main] o.s.w.s.m.m.a.HttpEntityMethodProcessor  : Writing [WebResponse(data=null, error=Token Expiried, paging=null)]
2024-03-06T14:19:25.152+07:00 DEBUG 8639 --- [           main] .m.m.a.ExceptionHandlerExceptionResolver : Resolved [org.springframework.web.server.ResponseStatusException: 401 UNAUTHORIZED "Token Expiried"]
2024-03-06T14:19:25.152+07:00 DEBUG 8639 --- [           main] o.s.w.f.CommonsRequestLoggingFilter      : REQUEST DATA: GET /api/user]
]]></system-out>
  </testcase>
  <testcase name="updateUserUnautorized" classname="com.kanggara.budgetin.controllers.UserControllerTest" time="0.136">
    <system-out><![CDATA[2024-03-06T14:19:25.285+07:00 DEBUG 8639 --- [           main] o.s.w.f.CommonsRequestLoggingFilter      : Before request [PATCH /api/user]
2024-03-06T14:19:25.286+07:00 DEBUG 8639 --- [           main] s.w.s.m.m.a.RequestMappingHandlerMapping : Mapped to com.kanggara.budgetin.controllers.UserController#update(UserEntity, UpdateUserRequest)
2024-03-06T14:19:25.288+07:00  INFO 8639 --- [           main] c.k.b.resolver.UserArgumentResolver      : TOKEN null
2024-03-06T14:19:25.290+07:00 DEBUG 8639 --- [           main] o.s.web.method.HandlerMethod             : Could not resolve parameter [0] in public com.kanggara.budgetin.models.WebResponse<com.kanggara.budgetin.models.UserResponse> com.kanggara.budgetin.controllers.UserController.update(com.kanggara.budgetin.entities.UserEntity,com.kanggara.budgetin.models.UpdateUserRequest): 401 UNAUTHORIZED "Unautorized"
2024-03-06T14:19:25.290+07:00 DEBUG 8639 --- [           main] .m.m.a.ExceptionHandlerExceptionResolver : Using @ExceptionHandler com.kanggara.budgetin.controllers.ErrorController#apiExecption(ResponseStatusException)
2024-03-06T14:19:25.292+07:00 DEBUG 8639 --- [           main] o.s.w.s.m.m.a.HttpEntityMethodProcessor  : Using 'application/json', given [application/json] and supported [application/json, application/*+json]
2024-03-06T14:19:25.294+07:00 DEBUG 8639 --- [           main] o.s.w.s.m.m.a.HttpEntityMethodProcessor  : Writing [WebResponse(data=null, error=Unautorized, paging=null)]
2024-03-06T14:19:25.295+07:00 DEBUG 8639 --- [           main] .m.m.a.ExceptionHandlerExceptionResolver : Resolved [org.springframework.web.server.ResponseStatusException: 401 UNAUTHORIZED "Unautorized"]
2024-03-06T14:19:25.295+07:00 DEBUG 8639 --- [           main] o.s.w.f.CommonsRequestLoggingFilter      : REQUEST DATA: PATCH /api/user]
]]></system-out>
  </testcase>
  <testcase name="testRegisterDuplicate" classname="com.kanggara.budgetin.controllers.UserControllerTest" time="1.575">
    <system-out><![CDATA[2024-03-06T14:19:25.773+07:00 DEBUG 8639 --- [           main] o.s.w.f.CommonsRequestLoggingFilter      : Before request [POST /api/register]
2024-03-06T14:19:25.774+07:00 DEBUG 8639 --- [           main] s.w.s.m.m.a.RequestMappingHandlerMapping : Mapped to com.kanggara.budgetin.controllers.UserController#register(RegisterUserRequest)
2024-03-06T14:19:25.776+07:00 DEBUG 8639 --- [           main] m.m.a.RequestResponseBodyMethodProcessor : Read "application/json;charset=UTF-8" to [RegisterUserRequest(username=test, name=Test OK, password=secrets)]
2024-03-06T14:19:25.786+07:00  INFO 8639 --- [           main] c.k.budgetin.services.UserService        : User : test
2024-03-06T14:19:26.979+07:00 DEBUG 8639 --- [           main] .m.m.a.ExceptionHandlerExceptionResolver : Using @ExceptionHandler com.kanggara.budgetin.controllers.ErrorController#apiExecption(ResponseStatusException)
2024-03-06T14:19:26.980+07:00 DEBUG 8639 --- [           main] o.s.w.s.m.m.a.HttpEntityMethodProcessor  : Using 'application/json', given [application/json] and supported [application/json, application/*+json]
2024-03-06T14:19:26.980+07:00 DEBUG 8639 --- [           main] o.s.w.s.m.m.a.HttpEntityMethodProcessor  : Writing [WebResponse(data=null, error=Username already registered, paging=null)]
2024-03-06T14:19:26.982+07:00 DEBUG 8639 --- [           main] .m.m.a.ExceptionHandlerExceptionResolver : Resolved [org.springframework.web.server.ResponseStatusException: 400 BAD_REQUEST "Username already registered"]
2024-03-06T14:19:26.983+07:00 DEBUG 8639 --- [           main] o.s.w.f.CommonsRequestLoggingFilter      : REQUEST DATA: POST /api/register, payload={"username":"test","name":"Test OK","password":"secrets"}]
]]></system-out>
  </testcase>
  <testcase name="updateUserSuccess2" classname="com.kanggara.budgetin.controllers.UserControllerTest" time="0.778">
    <system-out><![CDATA[2024-03-06T14:19:27.186+07:00 DEBUG 8639 --- [           main] o.s.w.f.CommonsRequestLoggingFilter      : Before request [PATCH /api/user]
2024-03-06T14:19:27.187+07:00 DEBUG 8639 --- [           main] s.w.s.m.m.a.RequestMappingHandlerMapping : Mapped to com.kanggara.budgetin.controllers.UserController#update(UserEntity, UpdateUserRequest)
2024-03-06T14:19:27.187+07:00  INFO 8639 --- [           main] c.k.b.resolver.UserArgumentResolver      : TOKEN token
2024-03-06T14:19:27.196+07:00  INFO 8639 --- [           main] c.k.b.resolver.UserArgumentResolver      : USER com.kanggara.budgetin.entities.UserEntity@244991f0
2024-03-06T14:19:27.198+07:00 DEBUG 8639 --- [           main] m.m.a.RequestResponseBodyMethodProcessor : Read "application/json;charset=UTF-8" to [UpdateUserRequest(name=null, password=PasswordBaru)]
2024-03-06T14:19:27.421+07:00 DEBUG 8639 --- [           main] m.m.a.RequestResponseBodyMethodProcessor : Using 'application/json', given [application/json] and supported [application/json]
2024-03-06T14:19:27.422+07:00 DEBUG 8639 --- [           main] m.m.a.RequestResponseBodyMethodProcessor : Writing [WebResponse(data=UserResponse(username=test, name=test), error=null, paging=null)]
2024-03-06T14:19:27.430+07:00 DEBUG 8639 --- [           main] o.s.w.f.CommonsRequestLoggingFilter      : REQUEST DATA: PATCH /api/user, payload={"name":null,"password":"PasswordBaru"}]
]]></system-out>
  </testcase>
  <testcase name="updateUserSuccess3" classname="com.kanggara.budgetin.controllers.UserControllerTest" time="0.285">
    <system-out><![CDATA[2024-03-06T14:19:27.990+07:00 DEBUG 8639 --- [           main] o.s.w.f.CommonsRequestLoggingFilter      : Before request [PATCH /api/user]
2024-03-06T14:19:27.990+07:00 DEBUG 8639 --- [           main] s.w.s.m.m.a.RequestMappingHandlerMapping : Mapped to com.kanggara.budgetin.controllers.UserController#update(UserEntity, UpdateUserRequest)
2024-03-06T14:19:27.991+07:00  INFO 8639 --- [           main] c.k.b.resolver.UserArgumentResolver      : TOKEN token
2024-03-06T14:19:27.998+07:00  INFO 8639 --- [           main] c.k.b.resolver.UserArgumentResolver      : USER com.kanggara.budgetin.entities.UserEntity@6bcc91ed
2024-03-06T14:19:27.999+07:00 DEBUG 8639 --- [           main] m.m.a.RequestResponseBodyMethodProcessor : Read "application/json;charset=UTF-8" to [UpdateUserRequest(name=Nama Baru, password=null)]
2024-03-06T14:19:28.013+07:00 DEBUG 8639 --- [           main] m.m.a.RequestResponseBodyMethodProcessor : Using 'application/json', given [application/json] and supported [application/json]
2024-03-06T14:19:28.013+07:00 DEBUG 8639 --- [           main] m.m.a.RequestResponseBodyMethodProcessor : Writing [WebResponse(data=UserResponse(username=test, name=Nama Baru), error=null, paging=null)]
2024-03-06T14:19:28.014+07:00 DEBUG 8639 --- [           main] o.s.w.f.CommonsRequestLoggingFilter      : REQUEST DATA: PATCH /api/user, payload={"name":"Nama Baru","password":null}]
]]></system-out>
  </testcase>
  <testcase name="updateUserNull" classname="com.kanggara.budgetin.controllers.UserControllerTest" time="0.241">
    <system-out><![CDATA[2024-03-06T14:19:28.246+07:00 DEBUG 8639 --- [           main] o.s.w.f.CommonsRequestLoggingFilter      : Before request [PATCH /api/user]
2024-03-06T14:19:28.247+07:00 DEBUG 8639 --- [           main] s.w.s.m.m.a.RequestMappingHandlerMapping : Mapped to com.kanggara.budgetin.controllers.UserController#update(UserEntity, UpdateUserRequest)
2024-03-06T14:19:28.248+07:00  INFO 8639 --- [           main] c.k.b.resolver.UserArgumentResolver      : TOKEN token
2024-03-06T14:19:28.254+07:00  INFO 8639 --- [           main] c.k.b.resolver.UserArgumentResolver      : USER com.kanggara.budgetin.entities.UserEntity@7292ffc9
2024-03-06T14:19:28.255+07:00 DEBUG 8639 --- [           main] m.m.a.RequestResponseBodyMethodProcessor : Read "application/json;charset=UTF-8" to [UpdateUserRequest(name=null, password=null)]
2024-03-06T14:19:28.264+07:00 DEBUG 8639 --- [           main] m.m.a.RequestResponseBodyMethodProcessor : Using 'application/json', given [application/json] and supported [application/json]
2024-03-06T14:19:28.264+07:00 DEBUG 8639 --- [           main] m.m.a.RequestResponseBodyMethodProcessor : Writing [WebResponse(data=UserResponse(username=test, name=test), error=null, paging=null)]
2024-03-06T14:19:28.265+07:00 DEBUG 8639 --- [           main] o.s.w.f.CommonsRequestLoggingFilter      : REQUEST DATA: PATCH /api/user, payload={"name":null,"password":null}]
]]></system-out>
  </testcase>
  <testcase name="updateUserSuccess" classname="com.kanggara.budgetin.controllers.UserControllerTest" time="0.586">
    <system-out><![CDATA[2024-03-06T14:19:28.497+07:00 DEBUG 8639 --- [           main] o.s.w.f.CommonsRequestLoggingFilter      : Before request [PATCH /api/user]
2024-03-06T14:19:28.498+07:00 DEBUG 8639 --- [           main] s.w.s.m.m.a.RequestMappingHandlerMapping : Mapped to com.kanggara.budgetin.controllers.UserController#update(UserEntity, UpdateUserRequest)
2024-03-06T14:19:28.499+07:00  INFO 8639 --- [           main] c.k.b.resolver.UserArgumentResolver      : TOKEN token
2024-03-06T14:19:28.503+07:00  INFO 8639 --- [           main] c.k.b.resolver.UserArgumentResolver      : USER com.kanggara.budgetin.entities.UserEntity@4fe0c175
2024-03-06T14:19:28.504+07:00 DEBUG 8639 --- [           main] m.m.a.RequestResponseBodyMethodProcessor : Read "application/json;charset=UTF-8" to [UpdateUserRequest(name=Nama Baru, password=PasswordBaru)]
2024-03-06T14:19:28.620+07:00 DEBUG 8639 --- [           main] m.m.a.RequestResponseBodyMethodProcessor : Using 'application/json', given [application/json] and supported [application/json]
2024-03-06T14:19:28.620+07:00 DEBUG 8639 --- [           main] m.m.a.RequestResponseBodyMethodProcessor : Writing [WebResponse(data=UserResponse(username=test, name=Nama Baru), error=null, paging=null)]
2024-03-06T14:19:28.621+07:00 DEBUG 8639 --- [           main] o.s.w.f.CommonsRequestLoggingFilter      : REQUEST DATA: PATCH /api/user, payload={"name":"Nama Baru","password":"PasswordBaru"}]
]]></system-out>
  </testcase>
  <testcase name="getUserNoToken" classname="com.kanggara.budgetin.controllers.UserControllerTest" time="0.069">
    <system-out><![CDATA[2024-03-06T14:19:28.964+07:00 DEBUG 8639 --- [           main] o.s.w.f.CommonsRequestLoggingFilter      : Before request [GET /api/user]
2024-03-06T14:19:28.965+07:00 DEBUG 8639 --- [           main] s.w.s.m.m.a.RequestMappingHandlerMapping : Mapped to com.kanggara.budgetin.controllers.UserController#get(UserEntity)
2024-03-06T14:19:28.966+07:00  INFO 8639 --- [           main] c.k.b.resolver.UserArgumentResolver      : TOKEN null
2024-03-06T14:19:28.967+07:00 DEBUG 8639 --- [           main] o.s.web.method.HandlerMethod             : Could not resolve parameter [0] in public com.kanggara.budgetin.models.WebResponse<com.kanggara.budgetin.models.UserResponse> com.kanggara.budgetin.controllers.UserController.get(com.kanggara.budgetin.entities.UserEntity): 401 UNAUTHORIZED "Unautorized"
2024-03-06T14:19:28.967+07:00 DEBUG 8639 --- [           main] .m.m.a.ExceptionHandlerExceptionResolver : Using @ExceptionHandler com.kanggara.budgetin.controllers.ErrorController#apiExecption(ResponseStatusException)
2024-03-06T14:19:28.968+07:00 DEBUG 8639 --- [           main] o.s.w.s.m.m.a.HttpEntityMethodProcessor  : Using 'application/json', given [application/json] and supported [application/json, application/*+json]
2024-03-06T14:19:28.968+07:00 DEBUG 8639 --- [           main] o.s.w.s.m.m.a.HttpEntityMethodProcessor  : Writing [WebResponse(data=null, error=Unautorized, paging=null)]
2024-03-06T14:19:28.972+07:00 DEBUG 8639 --- [           main] .m.m.a.ExceptionHandlerExceptionResolver : Resolved [org.springframework.web.server.ResponseStatusException: 401 UNAUTHORIZED "Unautorized"]
2024-03-06T14:19:28.973+07:00 DEBUG 8639 --- [           main] o.s.w.f.CommonsRequestLoggingFilter      : REQUEST DATA: GET /api/user]
]]></system-out>
  </testcase>
  <testcase name="getUserSuccess" classname="com.kanggara.budgetin.controllers.UserControllerTest" time="0.18">
    <system-out><![CDATA[2024-03-06T14:19:29.163+07:00 DEBUG 8639 --- [           main] o.s.w.f.CommonsRequestLoggingFilter      : Before request [GET /api/user]
2024-03-06T14:19:29.164+07:00 DEBUG 8639 --- [           main] s.w.s.m.m.a.RequestMappingHandlerMapping : Mapped to com.kanggara.budgetin.controllers.UserController#get(UserEntity)
2024-03-06T14:19:29.164+07:00  INFO 8639 --- [           main] c.k.b.resolver.UserArgumentResolver      : TOKEN token
2024-03-06T14:19:29.167+07:00  INFO 8639 --- [           main] c.k.b.resolver.UserArgumentResolver      : USER com.kanggara.budgetin.entities.UserEntity@1fde2f65
2024-03-06T14:19:29.168+07:00 DEBUG 8639 --- [           main] m.m.a.RequestResponseBodyMethodProcessor : Using 'application/json', given [application/json] and supported [application/json]
2024-03-06T14:19:29.168+07:00 DEBUG 8639 --- [           main] m.m.a.RequestResponseBodyMethodProcessor : Writing [WebResponse(data=UserResponse(username=test, name=test), error=null, paging=null)]
2024-03-06T14:19:29.169+07:00 DEBUG 8639 --- [           main] o.s.w.f.CommonsRequestLoggingFilter      : REQUEST DATA: GET /api/user]
]]></system-out>
  </testcase>
  <testcase name="testRegisterSuccess" classname="com.kanggara.budgetin.controllers.UserControllerTest" time="0.239">
    <system-out><![CDATA[2024-03-06T14:19:29.216+07:00 DEBUG 8639 --- [           main] o.s.w.f.CommonsRequestLoggingFilter      : Before request [POST /api/register]
2024-03-06T14:19:29.218+07:00 DEBUG 8639 --- [           main] s.w.s.m.m.a.RequestMappingHandlerMapping : Mapped to com.kanggara.budgetin.controllers.UserController#register(RegisterUserRequest)
2024-03-06T14:19:29.219+07:00 DEBUG 8639 --- [           main] m.m.a.RequestResponseBodyMethodProcessor : Read "application/json;charset=UTF-8" to [RegisterUserRequest(username=test, name=Test OK, password=secrets)]
2024-03-06T14:19:29.236+07:00  INFO 8639 --- [           main] c.k.budgetin.services.UserService        : User : test
2024-03-06T14:19:29.409+07:00 DEBUG 8639 --- [           main] m.m.a.RequestResponseBodyMethodProcessor : Using 'application/json', given [application/json] and supported [application/json]
2024-03-06T14:19:29.410+07:00 DEBUG 8639 --- [           main] m.m.a.RequestResponseBodyMethodProcessor : Writing [WebResponse(data=OK, error=null, paging=null)]
2024-03-06T14:19:29.413+07:00 DEBUG 8639 --- [           main] o.s.w.f.CommonsRequestLoggingFilter      : REQUEST DATA: POST /api/register, payload={"username":"test","name":"Test OK","password":"secrets"}]
]]></system-out>
  </testcase>
</testsuite>