<?xml version="1.0" encoding="UTF-8"?>
<testsuite xmlns:xsi="http://www.w3.org/2001/XMLSchema-instance" xsi:noNamespaceSchemaLocation="https://maven.apache.org/surefire/maven-surefire-plugin/xsd/surefire-test-report-3.0.xsd" version="3.0" name="com.kanggara.budgetin.controllers.AddressControllerTest" time="3.273" tests="11" errors="0" skipped="0" failures="0">
  <properties>
[...]
</properties>
  <testcase name="getAddressSucess" classname="com.kanggara.budgetin.controllers.AddressControllerTest" time="0.487">
    <system-out><![CDATA[2024-03-06T14:19:35.098+07:00  INFO 8639 --- [           main] t.c.s.AnnotationConfigContextLoaderUtils : Could not detect default configuration classes for test class [com.kanggara.budgetin.controllers.AddressControllerTest]: AddressControllerTest does not declare any static, non-private, non-final, nested classes annotated with @Configuration.
2024-03-06T14:19:35.102+07:00  INFO 8639 --- [           main] .b.t.c.SpringBootTestContextBootstrapper : Found @SpringBootConfiguration com.kanggara.budgetin.BudgetInApplication for test class com.kanggara.budgetin.controllers.AddressControllerTest
2024-03-06T14:19:35.512+07:00 DEBUG 8639 --- [           main] o.s.w.f.CommonsRequestLoggingFilter      : Before request [GET /api/contacts/test/addresses/test]
2024-03-06T14:19:35.513+07:00 DEBUG 8639 --- [           main] s.w.s.m.m.a.RequestMappingHandlerMapping : Mapped to com.kanggara.budgetin.controllers.AddressController#getMethodName(UserEntity, String, String)
2024-03-06T14:19:35.514+07:00  INFO 8639 --- [           main] c.k.b.resolver.UserArgumentResolver      : TOKEN token
2024-03-06T14:19:35.520+07:00  INFO 8639 --- [           main] c.k.b.resolver.UserArgumentResolver      : USER com.kanggara.budgetin.entities.UserEntity@724f547c
2024-03-06T14:19:35.550+07:00 DEBUG 8639 --- [           main] m.m.a.RequestResponseBodyMethodProcessor : Using 'application/json', given [application/json] and supported [application/json]
2024-03-06T14:19:35.551+07:00 DEBUG 8639 --- [           main] m.m.a.RequestResponseBodyMethodProcessor : Writing [WebResponse(data=AddressResponse(id=test, street=Jalan Jalan, city=Pekanbaru, province=Riau, country (truncated)...]
2024-03-06T14:19:35.556+07:00 DEBUG 8639 --- [           main] o.s.w.f.CommonsRequestLoggingFilter      : REQUEST DATA: GET /api/contacts/test/addresses/test]
]]></system-out>
  </testcase>
  <testcase name="listAddressContactNotFound" classname="com.kanggara.budgetin.controllers.AddressControllerTest" time="0.19">
    <system-out><![CDATA[2024-03-06T14:19:35.813+07:00 DEBUG 8639 --- [           main] o.s.w.f.CommonsRequestLoggingFilter      : Before request [GET /api/contacts/salah/addresses]
2024-03-06T14:19:35.814+07:00 DEBUG 8639 --- [           main] s.w.s.m.m.a.RequestMappingHandlerMapping : Mapped to com.kanggara.budgetin.controllers.AddressController#getMethodName(UserEntity, String)
2024-03-06T14:19:35.815+07:00  INFO 8639 --- [           main] c.k.b.resolver.UserArgumentResolver      : TOKEN token
2024-03-06T14:19:35.830+07:00  INFO 8639 --- [           main] c.k.b.resolver.UserArgumentResolver      : USER com.kanggara.budgetin.entities.UserEntity@3bbc9c90
2024-03-06T14:19:35.850+07:00 DEBUG 8639 --- [           main] .m.m.a.ExceptionHandlerExceptionResolver : Using @ExceptionHandler com.kanggara.budgetin.controllers.ErrorController#apiExecption(ResponseStatusException)
2024-03-06T14:19:35.851+07:00 DEBUG 8639 --- [           main] o.s.w.s.m.m.a.HttpEntityMethodProcessor  : Using 'application/json', given [application/json] and supported [application/json, application/*+json]
2024-03-06T14:19:35.851+07:00 DEBUG 8639 --- [           main] o.s.w.s.m.m.a.HttpEntityMethodProcessor  : Writing [WebResponse(data=null, error=Contact Not Found, paging=null)]
2024-03-06T14:19:35.852+07:00 DEBUG 8639 --- [           main] .m.m.a.ExceptionHandlerExceptionResolver : Resolved [org.springframework.web.server.ResponseStatusException: 404 NOT_FOUND "Contact Not Found"]
2024-03-06T14:19:35.852+07:00 DEBUG 8639 --- [           main] o.s.w.f.CommonsRequestLoggingFilter      : REQUEST DATA: GET /api/contacts/salah/addresses]
]]></system-out>
  </testcase>
  <testcase name="deleteAddressIdNotFound" classname="com.kanggara.budgetin.controllers.AddressControllerTest" time="0.227">
    <system-out><![CDATA[2024-03-06T14:19:36.038+07:00 DEBUG 8639 --- [           main] o.s.w.f.CommonsRequestLoggingFilter      : Before request [DELETE /api/contacts/test/addresses/test]
2024-03-06T14:19:36.041+07:00 DEBUG 8639 --- [           main] s.w.s.m.m.a.RequestMappingHandlerMapping : Mapped to com.kanggara.budgetin.controllers.AddressController#delete(UserEntity, String, String)
2024-03-06T14:19:36.042+07:00  INFO 8639 --- [           main] c.k.b.resolver.UserArgumentResolver      : TOKEN token
2024-03-06T14:19:36.047+07:00  INFO 8639 --- [           main] c.k.b.resolver.UserArgumentResolver      : USER com.kanggara.budgetin.entities.UserEntity@403b6cd1
2024-03-06T14:19:36.078+07:00 DEBUG 8639 --- [           main] .m.m.a.ExceptionHandlerExceptionResolver : Using @ExceptionHandler com.kanggara.budgetin.controllers.ErrorController#apiExecption(ResponseStatusException)
2024-03-06T14:19:36.079+07:00 DEBUG 8639 --- [           main] o.s.w.s.m.m.a.HttpEntityMethodProcessor  : Using 'application/json', given [application/json] and supported [application/json, application/*+json]
2024-03-06T14:19:36.079+07:00 DEBUG 8639 --- [           main] o.s.w.s.m.m.a.HttpEntityMethodProcessor  : Writing [WebResponse(data=null, error=Address Not Found, paging=null)]
2024-03-06T14:19:36.080+07:00 DEBUG 8639 --- [           main] .m.m.a.ExceptionHandlerExceptionResolver : Resolved [org.springframework.web.server.ResponseStatusException: 404 NOT_FOUND "Address Not Found"]
2024-03-06T14:19:36.080+07:00 DEBUG 8639 --- [           main] o.s.w.f.CommonsRequestLoggingFilter      : REQUEST DATA: DELETE /api/contacts/test/addresses/test]
]]></system-out>
  </testcase>
  <testcase name="createAddressBadRequest" classname="com.kanggara.budgetin.controllers.AddressControllerTest" time="0.357">
    <system-out><![CDATA[2024-03-06T14:19:36.431+07:00 DEBUG 8639 --- [           main] o.s.w.f.CommonsRequestLoggingFilter      : Before request [POST /api/contacts/test/addresses]
2024-03-06T14:19:36.432+07:00 DEBUG 8639 --- [           main] s.w.s.m.m.a.RequestMappingHandlerMapping : Mapped to com.kanggara.budgetin.controllers.AddressController#create(UserEntity, CreateAddressRequest, String)
2024-03-06T14:19:36.433+07:00  INFO 8639 --- [           main] c.k.b.resolver.UserArgumentResolver      : TOKEN token
2024-03-06T14:19:36.442+07:00  INFO 8639 --- [           main] c.k.b.resolver.UserArgumentResolver      : USER com.kanggara.budgetin.entities.UserEntity@63a628da
2024-03-06T14:19:36.459+07:00 DEBUG 8639 --- [           main] m.m.a.RequestResponseBodyMethodProcessor : Read "application/json;charset=UTF-8" to [CreateAddressRequest(contactId=null, street=null, city=null, province=null, country=, postalCode=nul (truncated)...]
2024-03-06T14:19:36.476+07:00 DEBUG 8639 --- [           main] .m.m.a.ExceptionHandlerExceptionResolver : Using @ExceptionHandler com.kanggara.budgetin.controllers.ErrorController#constraintViolationsExecption(ConstraintViolationException)
2024-03-06T14:19:36.478+07:00 DEBUG 8639 --- [           main] o.s.w.s.m.m.a.HttpEntityMethodProcessor  : Using 'application/json', given [application/json] and supported [application/json, application/*+json]
2024-03-06T14:19:36.478+07:00 DEBUG 8639 --- [           main] o.s.w.s.m.m.a.HttpEntityMethodProcessor  : Writing [WebResponse(data=null, error=country: must not be blank, paging=null)]
2024-03-06T14:19:36.479+07:00 DEBUG 8639 --- [           main] .m.m.a.ExceptionHandlerExceptionResolver : Resolved [jakarta.validation.ConstraintViolationException: country: must not be blank]
2024-03-06T14:19:36.480+07:00 DEBUG 8639 --- [           main] o.s.w.f.CommonsRequestLoggingFilter      : REQUEST DATA: POST /api/contacts/test/addresses, payload={"street":null,"city":null,"province":null,"country":"","postalCode":null}]
]]></system-out>
  </testcase>
  <testcase name="createAddressSucess" classname="com.kanggara.budgetin.controllers.AddressControllerTest" time="0.282">
    <system-out><![CDATA[2024-03-06T14:19:36.702+07:00 DEBUG 8639 --- [           main] o.s.w.f.CommonsRequestLoggingFilter      : Before request [POST /api/contacts/test/addresses]
2024-03-06T14:19:36.704+07:00 DEBUG 8639 --- [           main] s.w.s.m.m.a.RequestMappingHandlerMapping : Mapped to com.kanggara.budgetin.controllers.AddressController#create(UserEntity, CreateAddressRequest, String)
2024-03-06T14:19:36.705+07:00  INFO 8639 --- [           main] c.k.b.resolver.UserArgumentResolver      : TOKEN token
2024-03-06T14:19:36.715+07:00  INFO 8639 --- [           main] c.k.b.resolver.UserArgumentResolver      : USER com.kanggara.budgetin.entities.UserEntity@4a18bcb8
2024-03-06T14:19:36.716+07:00 DEBUG 8639 --- [           main] m.m.a.RequestResponseBodyMethodProcessor : Read "application/json;charset=UTF-8" to [CreateAddressRequest(contactId=null, street=Jalan Jalan, city=Pekanbaru, province=Riau, country=Indo (truncated)...]
2024-03-06T14:19:36.796+07:00 DEBUG 8639 --- [           main] m.m.a.RequestResponseBodyMethodProcessor : Using 'application/json', given [application/json] and supported [application/json]
2024-03-06T14:19:36.797+07:00 DEBUG 8639 --- [           main] m.m.a.RequestResponseBodyMethodProcessor : Writing [WebResponse(data=AddressResponse(id=d61884cd-24a4-4c64-923b-42b7f2162dad, street=Jalan Jalan, city=P (truncated)...]
2024-03-06T14:19:36.798+07:00 DEBUG 8639 --- [           main] o.s.w.f.CommonsRequestLoggingFilter      : REQUEST DATA: POST /api/contacts/test/addresses, payload={"street":"Jalan Jalan","city":"Pekanbaru","province":"Riau","country":"Indonesia","postalCode":"28213"}]
]]></system-out>
  </testcase>
  <testcase name="deleteAddressContactNotFound" classname="com.kanggara.budgetin.controllers.AddressControllerTest" time="0.177">
    <system-out><![CDATA[2024-03-06T14:19:36.983+07:00 DEBUG 8639 --- [           main] o.s.w.f.CommonsRequestLoggingFilter      : Before request [DELETE /api/contacts/tes/addresses/test]
2024-03-06T14:19:36.984+07:00 DEBUG 8639 --- [           main] s.w.s.m.m.a.RequestMappingHandlerMapping : Mapped to com.kanggara.budgetin.controllers.AddressController#delete(UserEntity, String, String)
2024-03-06T14:19:36.985+07:00  INFO 8639 --- [           main] c.k.b.resolver.UserArgumentResolver      : TOKEN token
2024-03-06T14:19:36.992+07:00  INFO 8639 --- [           main] c.k.b.resolver.UserArgumentResolver      : USER com.kanggara.budgetin.entities.UserEntity@708d0a2a
2024-03-06T14:19:37.000+07:00 DEBUG 8639 --- [           main] .m.m.a.ExceptionHandlerExceptionResolver : Using @ExceptionHandler com.kanggara.budgetin.controllers.ErrorController#apiExecption(ResponseStatusException)
2024-03-06T14:19:37.001+07:00 DEBUG 8639 --- [           main] o.s.w.s.m.m.a.HttpEntityMethodProcessor  : Using 'application/json', given [application/json] and supported [application/json, application/*+json]
2024-03-06T14:19:37.001+07:00 DEBUG 8639 --- [           main] o.s.w.s.m.m.a.HttpEntityMethodProcessor  : Writing [WebResponse(data=null, error=Contact Not Found, paging=null)]
2024-03-06T14:19:37.001+07:00 DEBUG 8639 --- [           main] .m.m.a.ExceptionHandlerExceptionResolver : Resolved [org.springframework.web.server.ResponseStatusException: 404 NOT_FOUND "Contact Not Found"]
2024-03-06T14:19:37.002+07:00 DEBUG 8639 --- [           main] o.s.w.f.CommonsRequestLoggingFilter      : REQUEST DATA: DELETE /api/contacts/tes/addresses/test]
]]></system-out>
  </testcase>
  <testcase name="getAddressNotFound" classname="com.kanggara.budgetin.controllers.AddressControllerTest" time="0.182">
    <system-out><![CDATA[2024-03-06T14:19:37.136+07:00 DEBUG 8639 --- [           main] o.s.w.f.CommonsRequestLoggingFilter      : Before request [GET /api/contacts/test/addresses/test]
2024-03-06T14:19:37.137+07:00 DEBUG 8639 --- [           main] s.w.s.m.m.a.RequestMappingHandlerMapping : Mapped to com.kanggara.budgetin.controllers.AddressController#getMethodName(UserEntity, String, String)
2024-03-06T14:19:37.138+07:00  INFO 8639 --- [           main] c.k.b.resolver.UserArgumentResolver      : TOKEN token
2024-03-06T14:19:37.146+07:00  INFO 8639 --- [           main] c.k.b.resolver.UserArgumentResolver      : USER com.kanggara.budgetin.entities.UserEntity@95ad4da
2024-03-06T14:19:37.200+07:00 DEBUG 8639 --- [           main] .m.m.a.ExceptionHandlerExceptionResolver : Using @ExceptionHandler com.kanggara.budgetin.controllers.ErrorController#apiExecption(ResponseStatusException)
2024-03-06T14:19:37.201+07:00 DEBUG 8639 --- [           main] o.s.w.s.m.m.a.HttpEntityMethodProcessor  : Using 'application/json', given [application/json] and supported [application/json, application/*+json]
2024-03-06T14:19:37.201+07:00 DEBUG 8639 --- [           main] o.s.w.s.m.m.a.HttpEntityMethodProcessor  : Writing [WebResponse(data=null, error=Address Not Found, paging=null)]
2024-03-06T14:19:37.202+07:00 DEBUG 8639 --- [           main] .m.m.a.ExceptionHandlerExceptionResolver : Resolved [org.springframework.web.server.ResponseStatusException: 404 NOT_FOUND "Address Not Found"]
2024-03-06T14:19:37.202+07:00 DEBUG 8639 --- [           main] o.s.w.f.CommonsRequestLoggingFilter      : REQUEST DATA: GET /api/contacts/test/addresses/test]
]]></system-out>
  </testcase>
  <testcase name="listAddressSucess" classname="com.kanggara.budgetin.controllers.AddressControllerTest" time="0.215">
    <system-out><![CDATA[2024-03-06T14:19:37.385+07:00 DEBUG 8639 --- [           main] o.s.w.f.CommonsRequestLoggingFilter      : Before request [GET /api/contacts/test/addresses]
2024-03-06T14:19:37.391+07:00 DEBUG 8639 --- [           main] s.w.s.m.m.a.RequestMappingHandlerMapping : Mapped to com.kanggara.budgetin.controllers.AddressController#getMethodName(UserEntity, String)
2024-03-06T14:19:37.391+07:00  INFO 8639 --- [           main] c.k.b.resolver.UserArgumentResolver      : TOKEN token
2024-03-06T14:19:37.396+07:00  INFO 8639 --- [           main] c.k.b.resolver.UserArgumentResolver      : USER com.kanggara.budgetin.entities.UserEntity@396d93a7
2024-03-06T14:19:37.415+07:00 DEBUG 8639 --- [           main] m.m.a.RequestResponseBodyMethodProcessor : Using 'application/json', given [application/json] and supported [application/json]
2024-03-06T14:19:37.416+07:00 DEBUG 8639 --- [           main] m.m.a.RequestResponseBodyMethodProcessor : Writing [WebResponse(data=[AddressResponse(id=test0, street=Jalan Jalan, city=Pekanbaru, province=Riau, count (truncated)...]
2024-03-06T14:19:37.418+07:00 DEBUG 8639 --- [           main] o.s.w.f.CommonsRequestLoggingFilter      : REQUEST DATA: GET /api/contacts/test/addresses]
]]></system-out>
  </testcase>
  <testcase name="updateAddressSuccess" classname="com.kanggara.budgetin.controllers.AddressControllerTest" time="0.257">
    <system-out><![CDATA[2024-03-06T14:19:37.568+07:00 DEBUG 8639 --- [           main] o.s.w.f.CommonsRequestLoggingFilter      : Before request [PUT /api/contacts/test/addresses/test]
2024-03-06T14:19:37.569+07:00 DEBUG 8639 --- [           main] s.w.s.m.m.a.RequestMappingHandlerMapping : Mapped to com.kanggara.budgetin.controllers.AddressController#update(UserEntity, UpdateAddressRequest, String, String)
2024-03-06T14:19:37.570+07:00  INFO 8639 --- [           main] c.k.b.resolver.UserArgumentResolver      : TOKEN token
2024-03-06T14:19:37.574+07:00  INFO 8639 --- [           main] c.k.b.resolver.UserArgumentResolver      : USER com.kanggara.budgetin.entities.UserEntity@58a70f5a
2024-03-06T14:19:37.583+07:00 DEBUG 8639 --- [           main] m.m.a.RequestResponseBodyMethodProcessor : Read "application/json;charset=UTF-8" to [UpdateAddressRequest(addressId=null, contactId=null, street=Jalan Baru, city=Jakarta, province=DKI,  (truncated)...]
2024-03-06T14:19:37.661+07:00 DEBUG 8639 --- [           main] m.m.a.RequestResponseBodyMethodProcessor : Using 'application/json', given [application/json] and supported [application/json]
2024-03-06T14:19:37.662+07:00 DEBUG 8639 --- [           main] m.m.a.RequestResponseBodyMethodProcessor : Writing [WebResponse(data=AddressResponse(id=test, street=Jalan Baru, city=Jakarta, province=DKI, country=Ind (truncated)...]
2024-03-06T14:19:37.662+07:00 DEBUG 8639 --- [           main] o.s.w.f.CommonsRequestLoggingFilter      : REQUEST DATA: PUT /api/contacts/test/addresses/test, payload={"street":"Jalan Baru","city":"Jakarta","province":"DKI","country":"Indonesia","postalCode":"112233"}]
]]></system-out>
  </testcase>
  <testcase name="updateAddressBadRequest" classname="com.kanggara.budgetin.controllers.AddressControllerTest" time="0.26">
    <system-out><![CDATA[2024-03-06T14:19:37.920+07:00 DEBUG 8639 --- [           main] o.s.w.f.CommonsRequestLoggingFilter      : Before request [PUT /api/contacts/test/addresses/test]
2024-03-06T14:19:37.921+07:00 DEBUG 8639 --- [           main] s.w.s.m.m.a.RequestMappingHandlerMapping : Mapped to com.kanggara.budgetin.controllers.AddressController#update(UserEntity, UpdateAddressRequest, String, String)
2024-03-06T14:19:37.921+07:00  INFO 8639 --- [           main] c.k.b.resolver.UserArgumentResolver      : TOKEN token
2024-03-06T14:19:37.931+07:00  INFO 8639 --- [           main] c.k.b.resolver.UserArgumentResolver      : USER com.kanggara.budgetin.entities.UserEntity@78c9eafc
2024-03-06T14:19:37.932+07:00 DEBUG 8639 --- [           main] m.m.a.RequestResponseBodyMethodProcessor : Read "application/json;charset=UTF-8" to [UpdateAddressRequest(addressId=null, contactId=null, street=null, city=null, province=null, country= (truncated)...]
2024-03-06T14:19:37.943+07:00 DEBUG 8639 --- [           main] .m.m.a.ExceptionHandlerExceptionResolver : Using @ExceptionHandler com.kanggara.budgetin.controllers.ErrorController#constraintViolationsExecption(ConstraintViolationException)
2024-03-06T14:19:37.944+07:00 DEBUG 8639 --- [           main] o.s.w.s.m.m.a.HttpEntityMethodProcessor  : Using 'application/json', given [application/json] and supported [application/json, application/*+json]
2024-03-06T14:19:37.945+07:00 DEBUG 8639 --- [           main] o.s.w.s.m.m.a.HttpEntityMethodProcessor  : Writing [WebResponse(data=null, error=country: must not be blank, paging=null)]
2024-03-06T14:19:37.945+07:00 DEBUG 8639 --- [           main] .m.m.a.ExceptionHandlerExceptionResolver : Resolved [jakarta.validation.ConstraintViolationException: country: must not be blank]
2024-03-06T14:19:37.945+07:00 DEBUG 8639 --- [           main] o.s.w.f.CommonsRequestLoggingFilter      : REQUEST DATA: PUT /api/contacts/test/addresses/test, payload={"street":null,"city":null,"province":null,"country":"","postalCode":null}]
]]></system-out>
  </testcase>
  <testcase name="deleteAddressSuccess" classname="com.kanggara.budgetin.controllers.AddressControllerTest" time="0.406">
    <system-out><![CDATA[2024-03-06T14:19:38.232+07:00 DEBUG 8639 --- [           main] o.s.w.f.CommonsRequestLoggingFilter      : Before request [DELETE /api/contacts/test/addresses/test]
2024-03-06T14:19:38.233+07:00 DEBUG 8639 --- [           main] s.w.s.m.m.a.RequestMappingHandlerMapping : Mapped to com.kanggara.budgetin.controllers.AddressController#delete(UserEntity, String, String)
2024-03-06T14:19:38.233+07:00  INFO 8639 --- [           main] c.k.b.resolver.UserArgumentResolver      : TOKEN token
2024-03-06T14:19:38.246+07:00  INFO 8639 --- [           main] c.k.b.resolver.UserArgumentResolver      : USER com.kanggara.budgetin.entities.UserEntity@56e6c1d9
2024-03-06T14:19:38.282+07:00 DEBUG 8639 --- [           main] m.m.a.RequestResponseBodyMethodProcessor : Using 'application/json', given [application/json] and supported [application/json]
2024-03-06T14:19:38.283+07:00 DEBUG 8639 --- [           main] m.m.a.RequestResponseBodyMethodProcessor : Writing [WebResponse(data=Deleted, error=null, paging=null)]
2024-03-06T14:19:38.284+07:00 DEBUG 8639 --- [           main] o.s.w.f.CommonsRequestLoggingFilter      : REQUEST DATA: DELETE /api/contacts/test/addresses/test]
]]></system-out>
  </testcase>
</testsuite>